  Building Custom Rule D:/Projecten/Project_RT2D/Game_Emulator/rt2d/CMakeLists.txt
  CMake does not need to re-run because D:/Projecten/Project_RT2D/Game_Emulator/rt2d/start/CMakeFiles/generate.stamp is up-to-date.
  main.cpp
  basicentity.cpp
  scene00.cpp
  scene01.cpp
  scene02.cpp
  scene03.cpp
  scene03a.cpp
  scene04.cpp
  scene05.cpp
  scene06.cpp
  scene06a.cpp
  scene07.cpp
  scene08.cpp
  scene09.cpp
  scene10.cpp
  scene11.cpp
  scene12.cpp
  scene13.cpp
  scene14.cpp
  scene15.cpp
  scene16.cpp
  scene17.cpp
  scene18.cpp
  scene19.cpp
  scene20.cpp
  scene21.cpp
  scene22.cpp
  superscene.cpp
  demo.vcxproj -> D:\Projecten\Project_RT2D\Game_Emulator\rt2d\start\Debug\demo.exe
  demo.vcxproj -> D:/Projecten/Project_RT2D/Game_Emulator/rt2d/start/Debug/demo.pdb (Full PDB)
